# JRE version: OpenJDK Runtime Environment JBR-17.0.9+7-1087.3-nomod (17.0.9+7) (build 17.0.9+7-b1087.3)
# Java VM: OpenJDK 64-Bit Server VM JBR-17.0.9+7-1087.3-nomod (17.0.9+7-b1087.3, mixed mode, tiered, compressed oops, compressed class ptrs, g1 gc, windows-amd64)
GC Precious Log:
 CPUs: 12 total, 12 available
 Memory: 16177M
 Large Page Support: Disabled
 NUMA Support: Disabled
 Compressed Oops: Enabled (Zero based)
 Heap Region Size: 2M
 Heap Min Capacity: 8M
 Heap Initial Capacity: 254M
 Heap Max Capacity: 4046M
 Pre-touch: Disabled
 Parallel Workers: 10
 Concurrent Workers: 3
 Concurrent Refinement Workers: 10
 Periodic GC: Disabled
Heap:
 garbage-first heap   total 180224K, used 29975K [0x0000000703200000, 0x0000000800000000)
  region size 2048K, 4 young (8192K), 2 survivors (4096K)
 Metaspace       used 39630K, committed 39936K, reserved 1114112K
  class space    used 4475K, committed 4608K, reserved 1048576K
GC Heap History (20 events):
Event: 0.825 GC heap before
{Heap before GC invocations=1 (full 0):
 garbage-first heap   total 260096K, used 36754K [0x0000000703200000, 0x0000000800000000)
  region size 2048K, 18 young (36864K), 2 survivors (4096K)
 Metaspace       used 19249K, committed 19392K, reserved 1114112K
  class space    used 2120K, committed 2176K, reserved 1048576K
}
Event: 0.828 GC heap after
{Heap after GC invocations=2 (full 0):
 garbage-first heap   total 260096K, used 5873K [0x0000000703200000, 0x0000000800000000)
  region size 2048K, 2 young (4096K), 2 survivors (4096K)
 Metaspace       used 19249K, committed 19392K, reserved 1114112K
  class space    used 2120K, committed 2176K, reserved 1048576K
}
Event: 0.999 GC heap before
{Heap before GC invocations=2 (full 0):
 garbage-first heap   total 260096K, used 18161K [0x0000000703200000, 0x0000000800000000)
  region size 2048K, 9 young (18432K), 2 survivors (4096K)
 Metaspace       used 21386K, committed 21504K, reserved 1114112K
  class space    used 2429K, committed 2496K, reserved 1048576K
}
Event: 1.001 GC heap after
{Heap after GC invocations=3 (full 0):
 garbage-first heap   total 260096K, used 6617K [0x0000000703200000, 0x0000000800000000)
  region size 2048K, 2 young (4096K), 2 survivors (4096K)
 Metaspace       used 21386K, committed 21504K, reserved 1114112K
  class space    used 2429K, committed 2496K, reserved 1048576K
}
Event: 1.230 GC heap before
{Heap before GC invocations=4 (full 0):
 garbage-first heap   total 34816K, used 23001K [0x0000000703200000, 0x0000000800000000)
  region size 2048K, 11 young (22528K), 2 survivors (4096K)
 Metaspace       used 24817K, committed 25024K, reserved 1114112K
  class space    used 2779K, committed 2880K, reserved 1048576K
}
Event: 1.233 GC heap after
{Heap after GC invocations=5 (full 0):
 garbage-first heap   total 34816K, used 8748K [0x0000000703200000, 0x0000000800000000)
  region size 2048K, 3 young (6144K), 3 survivors (6144K)
 Metaspace       used 24817K, committed 25024K, reserved 1114112K
  class space    used 2779K, committed 2880K, reserved 1048576K
}
Event: 1.253 GC heap before
{Heap before GC invocations=5 (full 0):
 garbage-first heap   total 34816K, used 10796K [0x0000000703200000, 0x0000000800000000)
  region size 2048K, 4 young (8192K), 3 survivors (6144K)
 Metaspace       used 24958K, committed 25152K, reserved 1114112K
  class space    used 2797K, committed 2880K, reserved 1048576K
}
Event: 1.257 GC heap after
{Heap after GC invocations=6 (full 0):
 garbage-first heap   total 34816K, used 8996K [0x0000000703200000, 0x0000000800000000)
  region size 2048K, 1 young (2048K), 1 survivors (2048K)
 Metaspace       used 24958K, committed 25152K, reserved 1114112K
  class space    used 2797K, committed 2880K, reserved 1048576K
}
Event: 1.371 GC heap before
{Heap before GC invocations=6 (full 0):
 garbage-first heap   total 34816K, used 23332K [0x0000000703200000, 0x0000000800000000)
  region size 2048K, 8 young (16384K), 1 survivors (2048K)
 Metaspace       used 25406K, committed 25600K, reserved 1114112K
  class space    used 2832K, committed 2944K, reserved 1048576K
}
Event: 1.372 GC heap after
{Heap after GC invocations=7 (full 0):
 garbage-first heap   total 34816K, used 9013K [0x0000000703200000, 0x0000000800000000)
  region size 2048K, 1 young (2048K), 1 survivors (2048K)
 Metaspace       used 25406K, committed 25600K, reserved 1114112K
  class space    used 2832K, committed 2944K, reserved 1048576K
}
Event: 1.487 GC heap before
{Heap before GC invocations=7 (full 0):
 garbage-first heap   total 34816K, used 23349K [0x0000000703200000, 0x0000000800000000)
  region size 2048K, 8 young (16384K), 1 survivors (2048K)
 Metaspace       used 26365K, committed 26560K, reserved 1114112K
  class space    used 2938K, committed 3008K, reserved 1048576K
}
Event: 1.489 GC heap after
{Heap after GC invocations=8 (full 0):
 garbage-first heap   total 147456K, used 9917K [0x0000000703200000, 0x0000000800000000)
  region size 2048K, 1 young (2048K), 1 survivors (2048K)
 Metaspace       used 26365K, committed 26560K, reserved 1114112K
  class space    used 2938K, committed 3008K, reserved 1048576K
}
Event: 2.153 GC heap before
{Heap before GC invocations=8 (full 0):
 garbage-first heap   total 147456K, used 93885K [0x0000000703200000, 0x0000000800000000)
  region size 2048K, 43 young (88064K), 1 survivors (2048K)
 Metaspace       used 35685K, committed 35968K, reserved 1114112K
  class space    used 4020K, committed 4160K, reserved 1048576K
}
Event: 2.166 GC heap after
{Heap after GC invocations=9 (full 0):
 garbage-first heap   total 147456K, used 23590K [0x0000000703200000, 0x0000000800000000)
  region size 2048K, 6 young (12288K), 6 survivors (12288K)
 Metaspace       used 35685K, committed 35968K, reserved 1114112K
  class space    used 4020K, committed 4160K, reserved 1048576K
}
Event: 2.602 GC heap before
{Heap before GC invocations=10 (full 0):
 garbage-first heap   total 90112K, used 66598K [0x0000000703200000, 0x0000000800000000)
  region size 2048K, 26 young (53248K), 6 survivors (12288K)
 Metaspace       used 37825K, committed 38080K, reserved 1114112K
  class space    used 4236K, committed 4352K, reserved 1048576K
}
Event: 2.616 GC heap after
{Heap after GC invocations=11 (full 0):
 garbage-first heap   total 90112K, used 26055K [0x0000000703200000, 0x0000000800000000)
  region size 2048K, 2 young (4096K), 2 survivors (4096K)
 Metaspace       used 37825K, committed 38080K, reserved 1114112K
  class space    used 4236K, committed 4352K, reserved 1048576K
}
Event: 2.627 GC heap before
{Heap before GC invocations=11 (full 0):
 garbage-first heap   total 90112K, used 28103K [0x0000000703200000, 0x0000000800000000)
  region size 2048K, 3 young (6144K), 2 survivors (4096K)
 Metaspace       used 37859K, committed 38144K, reserved 1114112K
  class space    used 4236K, committed 4352K, reserved 1048576K
}
Event: 2.633 GC heap after
{Heap after GC invocations=12 (full 0):
 garbage-first heap   total 90112K, used 26608K [0x0000000703200000, 0x0000000800000000)
  region size 2048K, 1 young (2048K), 1 survivors (2048K)
 Metaspace       used 37859K, committed 38144K, reserved 1114112K
  class space    used 4236K, committed 4352K, reserved 1048576K
}
Event: 2.880 GC heap before
{Heap before GC invocations=12 (full 0):
 garbage-first heap   total 90112K, used 63472K [0x0000000703200000, 0x0000000800000000)
  region size 2048K, 19 young (38912K), 1 survivors (2048K)
 Metaspace       used 39275K, committed 39552K, reserved 1114112K
  class space    used 4433K, committed 4544K, reserved 1048576K
}
Event: 2.883 GC heap after
{Heap after GC invocations=13 (full 0):
 garbage-first heap   total 180224K, used 27927K [0x0000000703200000, 0x0000000800000000)
  region size 2048K, 2 young (4096K), 2 survivors (4096K)
 Metaspace       used 39275K, committed 39552K, reserved 1114112K
  class space    used 4433K, committed 4544K, reserved 1048576K
}

